RSystem::init()
RSystem::upi_add(0x639750:{"typeinfo","UModSys::base::rsystem::RConsole_std",2})...
RSystem::upi_add(0x639710:{"typeinfo","UModSys::base::rsystem::RSystem",2})...
RSystem::upi_add(0x6396b0:{"typeinfo","UModSys::base::rsystem::RParameters",2})...
RSystem::upi_add(0x639670:{"typeinfo","UModSys::base::rsystem::RModuleLibraryThis",1})...
RSystem::upi_add(0x639630:{"typeinfo","UModSys::base::rsystem::RModuleLibrarySO",1})...
RSystem::upi_add(0x6395f0:{"typeinfo","UModSys::base::rsystem::IModuleLibraryUni",2})...
RSystem::upi_add(0x6395b0:{"typeinfo","UModSys::base::rsystem::RModule",2})...
RSystem::upi_add(0x639570:{"typeinfo","UModSys::base::IExecutor",2})...
RSystem::upi_add(0x639530:{"typeinfo","UModSys::base::IShell",2})...
RSystem::upi_add(0x6394f0:{"typeinfo","UModSys::base::ISystem",3})...
RSystem::upi_add(0x6394b0:{"typeinfo","UModSys::base::IConsole",2})...
RSystem::upi_add(0x639470:{"typeinfo","UModSys::base::IGenerator",2})...
RSystem::upi_add(0x639430:{"typeinfo","UModSys::base::IModObject",2})...
RSystem::upi_add(0x6393f0:{"typeinfo","UModSys::base::IModuleLibrary",2})...
RSystem::upi_add(0x6393b0:{"typeinfo","UModSys::base::IModule",2})...
RSystem::upi_add(0x639370:{"typeinfo","UModSys::core::IParameters",2})...
RSystem::upi_add(0x639330:{"typeinfo","UModSys::core::IRefObject",2})...
RSystem::upi_add(0x6392f0:{"typeinfo","UModSys::core::IRoot",2})...
RSystem::exec_args(1)
******************************* TESTS {
sizeof(DRMemAlloc)=64 sizeof(DRMemAlloc::DHeader)=48
sizeof(TMemAllocHeader<Void>)=24 sizeof(mem_headers::TMain<TMemAllocHeader<Void>>)=24
TCL begin:
RSystem::command(0:"" +3 0:"" 5:"'Hell" 15:"'Hello World!
'")
RSystem::command(3:"'He" +3 3:"'He" 11:"'Hello Worl" 15:"'Hello World!
'")
RSystem::command(7:"'Hello " +4 7:"'Hello " 0:"" 15:"'Hello World!
'" 0:"")
RSystem::command(7:"vardump" +1 7:"vardump")
RSystem::command(4:"'Hel" +3 4:"'Hel" 2:"'H" 15:"'Hello World!
'")
RSystem::command(4:"'Hel" +3 4:"'Hel" 2:"'H" 16:"'Hello World!\n'")
RSystem::command(0:"" +2 0:"" 16:"'Hello World!\n'")
RSystem::command(4:"'Hel" +3 4:"'Hel" 2:"'H" 0:"")
RSystem::command(4:"4:" +3 4:"4:" 2:"4:" 0:"")
RSystem::command(0:"" +2 0:"" 0:"")
RSystem::command(4:"5:" +3 4:"5:" 2:"5:" 0:"")
RSystem::command(2:"pu" +3 2:"pu" 5:"puts " 8:"puts 0<1")
RSystem::command(2:"pu" +3 2:"pu" 5:"puts " 8:"puts 1<0")
RSystem::command(1:"0" +3 1:"0" 1:"0" 1:"0")
RSystem::command(5:"puts " +3 5:"puts " 7:"puts $i" 13:"puts $i; ++ i")
RSystem::command(3:"put" +5 3:"put" 5:"puts " 7:"puts $i" 4:"puts" 8:"puts $i;")
RSystem::command(7:"vardump" +1 7:"vardump")
TCL end.
******************************* } TESTS
RSystem::exec_main()
RSystem::deinit()
 { mod_list=0:[] }
RModuleLoader::moduledb_cleanup() {removed 0} => 0
RModuleLoader::moduledb_cleanup() {removed 0} => 0
